<?xml version="1.0" encoding="UTF-8"?>
<testsuite xmlns:xsi="http://www.w3.org/2001/XMLSchema-instance" xsi:noNamespaceSchemaLocation="https://maven.apache.org/surefire/maven-surefire-plugin/xsd/surefire-test-report.xsd" name="edu.nf.shopping.warehouse.dao.test.WarehouseInfoDaoTest" time="0.32" tests="4" errors="0" skipped="0" failures="0">
  <properties>
    <property name="sun.desktop" value="windows"/>
    <property name="awt.toolkit" value="sun.awt.windows.WToolkit"/>
    <property name="file.encoding.pkg" value="sun.io"/>
    <property name="java.specification.version" value="1.8"/>
    <property name="sun.cpu.isalist" value="amd64"/>
    <property name="sun.jnu.encoding" value="GBK"/>
    <property name="java.class.path" value="D:\ideaprojects\addiction-shopping\shopping-adminapi\target\test-classes;D:\ideaprojects\addiction-shopping\shopping-adminapi\target\classes;D:\repo\org\springframework\boot\spring-boot-starter-web\2.2.5.RELEASE\spring-boot-starter-web-2.2.5.RELEASE.jar;D:\repo\org\springframework\boot\spring-boot-starter\2.2.5.RELEASE\spring-boot-starter-2.2.5.RELEASE.jar;D:\repo\org\springframework\boot\spring-boot-starter-logging\2.2.5.RELEASE\spring-boot-starter-logging-2.2.5.RELEASE.jar;D:\repo\ch\qos\logback\logback-classic\1.2.3\logback-classic-1.2.3.jar;D:\repo\ch\qos\logback\logback-core\1.2.3\logback-core-1.2.3.jar;D:\repo\org\apache\logging\log4j\log4j-to-slf4j\2.12.1\log4j-to-slf4j-2.12.1.jar;D:\repo\org\apache\logging\log4j\log4j-api\2.12.1\log4j-api-2.12.1.jar;D:\repo\org\slf4j\jul-to-slf4j\1.7.30\jul-to-slf4j-1.7.30.jar;D:\repo\jakarta\annotation\jakarta.annotation-api\1.3.5\jakarta.annotation-api-1.3.5.jar;D:\repo\org\yaml\snakeyaml\1.25\snakeyaml-1.25.jar;D:\repo\org\springframework\boot\spring-boot-starter-json\2.2.5.RELEASE\spring-boot-starter-json-2.2.5.RELEASE.jar;D:\repo\com\fasterxml\jackson\datatype\jackson-datatype-jdk8\2.10.2\jackson-datatype-jdk8-2.10.2.jar;D:\repo\com\fasterxml\jackson\datatype\jackson-datatype-jsr310\2.10.2\jackson-datatype-jsr310-2.10.2.jar;D:\repo\com\fasterxml\jackson\module\jackson-module-parameter-names\2.10.2\jackson-module-parameter-names-2.10.2.jar;D:\repo\org\springframework\boot\spring-boot-starter-validation\2.2.5.RELEASE\spring-boot-starter-validation-2.2.5.RELEASE.jar;D:\repo\jakarta\validation\jakarta.validation-api\2.0.2\jakarta.validation-api-2.0.2.jar;D:\repo\org\hibernate\validator\hibernate-validator\6.0.18.Final\hibernate-validator-6.0.18.Final.jar;D:\repo\org\jboss\logging\jboss-logging\3.4.1.Final\jboss-logging-3.4.1.Final.jar;D:\repo\org\springframework\spring-web\5.2.4.RELEASE\spring-web-5.2.4.RELEASE.jar;D:\repo\org\springframework\spring-beans\5.2.4.RELEASE\spring-beans-5.2.4.RELEASE.jar;D:\repo\org\springframework\spring-webmvc\5.2.4.RELEASE\spring-webmvc-5.2.4.RELEASE.jar;D:\repo\org\springframework\spring-aop\5.2.4.RELEASE\spring-aop-5.2.4.RELEASE.jar;D:\repo\org\springframework\spring-expression\5.2.4.RELEASE\spring-expression-5.2.4.RELEASE.jar;D:\repo\org\springframework\boot\spring-boot-starter-jetty\2.2.5.RELEASE\spring-boot-starter-jetty-2.2.5.RELEASE.jar;D:\repo\jakarta\servlet\jakarta.servlet-api\4.0.3\jakarta.servlet-api-4.0.3.jar;D:\repo\jakarta\websocket\jakarta.websocket-api\1.1.2\jakarta.websocket-api-1.1.2.jar;D:\repo\org\eclipse\jetty\jetty-servlets\9.4.26.v20200117\jetty-servlets-9.4.26.v20200117.jar;D:\repo\org\eclipse\jetty\jetty-continuation\9.4.26.v20200117\jetty-continuation-9.4.26.v20200117.jar;D:\repo\org\eclipse\jetty\jetty-http\9.4.26.v20200117\jetty-http-9.4.26.v20200117.jar;D:\repo\org\eclipse\jetty\jetty-util\9.4.26.v20200117\jetty-util-9.4.26.v20200117.jar;D:\repo\org\eclipse\jetty\jetty-io\9.4.26.v20200117\jetty-io-9.4.26.v20200117.jar;D:\repo\org\eclipse\jetty\jetty-webapp\9.4.26.v20200117\jetty-webapp-9.4.26.v20200117.jar;D:\repo\org\eclipse\jetty\jetty-xml\9.4.26.v20200117\jetty-xml-9.4.26.v20200117.jar;D:\repo\org\eclipse\jetty\jetty-servlet\9.4.26.v20200117\jetty-servlet-9.4.26.v20200117.jar;D:\repo\org\eclipse\jetty\jetty-security\9.4.26.v20200117\jetty-security-9.4.26.v20200117.jar;D:\repo\org\eclipse\jetty\jetty-server\9.4.26.v20200117\jetty-server-9.4.26.v20200117.jar;D:\repo\org\eclipse\jetty\websocket\websocket-server\9.4.26.v20200117\websocket-server-9.4.26.v20200117.jar;D:\repo\org\eclipse\jetty\websocket\websocket-common\9.4.26.v20200117\websocket-common-9.4.26.v20200117.jar;D:\repo\org\eclipse\jetty\websocket\websocket-api\9.4.26.v20200117\websocket-api-9.4.26.v20200117.jar;D:\repo\org\eclipse\jetty\websocket\websocket-client\9.4.26.v20200117\websocket-client-9.4.26.v20200117.jar;D:\repo\org\eclipse\jetty\jetty-client\9.4.26.v20200117\jetty-client-9.4.26.v20200117.jar;D:\repo\org\eclipse\jetty\websocket\websocket-servlet\9.4.26.v20200117\websocket-servlet-9.4.26.v20200117.jar;D:\repo\org\eclipse\jetty\websocket\javax-websocket-server-impl\9.4.26.v20200117\javax-websocket-server-impl-9.4.26.v20200117.jar;D:\repo\org\eclipse\jetty\jetty-annotations\9.4.26.v20200117\jetty-annotations-9.4.26.v20200117.jar;D:\repo\org\eclipse\jetty\jetty-plus\9.4.26.v20200117\jetty-plus-9.4.26.v20200117.jar;D:\repo\org\ow2\asm\asm\7.2\asm-7.2.jar;D:\repo\org\ow2\asm\asm-commons\7.2\asm-commons-7.2.jar;D:\repo\org\ow2\asm\asm-tree\7.2\asm-tree-7.2.jar;D:\repo\org\ow2\asm\asm-analysis\7.2\asm-analysis-7.2.jar;D:\repo\org\eclipse\jetty\websocket\javax-websocket-client-impl\9.4.26.v20200117\javax-websocket-client-impl-9.4.26.v20200117.jar;D:\repo\org\mortbay\jasper\apache-el\8.5.49\apache-el-8.5.49.jar;D:\ideaprojects\addiction-shopping\shopping-service\target\shopping-service-1.0-SNAPSHOT.jar;D:\ideaprojects\addiction-shopping\shopping-dao\target\shopping-dao-1.0-SNAPSHOT.jar;D:\repo\org\mybatis\spring\boot\mybatis-spring-boot-starter\1.3.1\mybatis-spring-boot-starter-1.3.1.jar;D:\repo\org\springframework\boot\spring-boot-starter-jdbc\2.2.5.RELEASE\spring-boot-starter-jdbc-2.2.5.RELEASE.jar;D:\repo\com\zaxxer\HikariCP\3.4.2\HikariCP-3.4.2.jar;D:\repo\org\springframework\spring-jdbc\5.2.4.RELEASE\spring-jdbc-5.2.4.RELEASE.jar;D:\repo\org\mybatis\spring\boot\mybatis-spring-boot-autoconfigure\1.3.1\mybatis-spring-boot-autoconfigure-1.3.1.jar;D:\repo\org\mybatis\mybatis\3.4.5\mybatis-3.4.5.jar;D:\repo\org\mybatis\mybatis-spring\1.3.1\mybatis-spring-1.3.1.jar;D:\repo\com\github\pagehelper\pagehelper-spring-boot-starter\1.2.3\pagehelper-spring-boot-starter-1.2.3.jar;D:\repo\com\github\pagehelper\pagehelper-spring-boot-autoconfigure\1.2.3\pagehelper-spring-boot-autoconfigure-1.2.3.jar;D:\repo\com\github\pagehelper\pagehelper\5.1.2\pagehelper-5.1.2.jar;D:\repo\com\github\jsqlparser\jsqlparser\1.0\jsqlparser-1.0.jar;D:\repo\com\alibaba\druid-spring-boot-starter\1.1.10\druid-spring-boot-starter-1.1.10.jar;D:\repo\com\alibaba\druid\1.1.10\druid-1.1.10.jar;D:\repo\mysql\mysql-connector-java\8.0.19\mysql-connector-java-8.0.19.jar;D:\ideaprojects\addiction-shopping\shopping-entity\target\shopping-entity-1.0-SNAPSHOT.jar;D:\repo\org\projectlombok\lombok\1.18.12\lombok-1.18.12.jar;D:\ideaprojects\addiction-shopping\shopping-util\target\shopping-util-1.0-SNAPSHOT.jar;D:\repo\org\apache\httpcomponents\httpclient\4.5.11\httpclient-4.5.11.jar;D:\repo\org\apache\httpcomponents\httpcore\4.4.13\httpcore-4.4.13.jar;D:\repo\commons-codec\commons-codec\1.13\commons-codec-1.13.jar;D:\repo\org\apache\httpcomponents\httpmime\4.5.11\httpmime-4.5.11.jar;D:\repo\org\springframework\boot\spring-boot-starter-data-redis\2.2.5.RELEASE\spring-boot-starter-data-redis-2.2.5.RELEASE.jar;D:\repo\org\springframework\data\spring-data-redis\2.2.5.RELEASE\spring-data-redis-2.2.5.RELEASE.jar;D:\repo\org\springframework\data\spring-data-keyvalue\2.2.5.RELEASE\spring-data-keyvalue-2.2.5.RELEASE.jar;D:\repo\org\springframework\spring-tx\5.2.4.RELEASE\spring-tx-5.2.4.RELEASE.jar;D:\repo\org\springframework\spring-oxm\5.2.4.RELEASE\spring-oxm-5.2.4.RELEASE.jar;D:\repo\org\springframework\spring-context-support\5.2.4.RELEASE\spring-context-support-5.2.4.RELEASE.jar;D:\repo\io\lettuce\lettuce-core\5.2.2.RELEASE\lettuce-core-5.2.2.RELEASE.jar;D:\repo\io\netty\netty-common\4.1.45.Final\netty-common-4.1.45.Final.jar;D:\repo\io\netty\netty-handler\4.1.45.Final\netty-handler-4.1.45.Final.jar;D:\repo\io\netty\netty-buffer\4.1.45.Final\netty-buffer-4.1.45.Final.jar;D:\repo\io\netty\netty-codec\4.1.45.Final\netty-codec-4.1.45.Final.jar;D:\repo\io\netty\netty-transport\4.1.45.Final\netty-transport-4.1.45.Final.jar;D:\repo\io\netty\netty-resolver\4.1.45.Final\netty-resolver-4.1.45.Final.jar;D:\repo\io\projectreactor\reactor-core\3.3.3.RELEASE\reactor-core-3.3.3.RELEASE.jar;D:\repo\org\reactivestreams\reactive-streams\1.0.3\reactive-streams-1.0.3.jar;D:\repo\com\fasterxml\jackson\core\jackson-databind\2.10.2\jackson-databind-2.10.2.jar;D:\repo\com\fasterxml\jackson\core\jackson-annotations\2.10.2\jackson-annotations-2.10.2.jar;D:\repo\com\fasterxml\jackson\core\jackson-core\2.10.2\jackson-core-2.10.2.jar;D:\repo\org\springframework\spring-context\5.2.4.RELEASE\spring-context-5.2.4.RELEASE.jar;D:\repo\org\springframework\boot\spring-boot-starter-data-elasticsearch\2.2.5.RELEASE\spring-boot-starter-data-elasticsearch-2.2.5.RELEASE.jar;D:\repo\org\springframework\data\spring-data-elasticsearch\3.2.5.RELEASE\spring-data-elasticsearch-3.2.5.RELEASE.jar;D:\repo\org\springframework\data\spring-data-commons\2.2.5.RELEASE\spring-data-commons-2.2.5.RELEASE.jar;D:\repo\joda-time\joda-time\2.10.5\joda-time-2.10.5.jar;D:\repo\org\elasticsearch\client\transport\6.8.6\transport-6.8.6.jar;D:\repo\org\elasticsearch\elasticsearch\6.8.6\elasticsearch-6.8.6.jar;D:\repo\org\elasticsearch\elasticsearch-core\6.8.6\elasticsearch-core-6.8.6.jar;D:\repo\org\elasticsearch\elasticsearch-secure-sm\6.8.6\elasticsearch-secure-sm-6.8.6.jar;D:\repo\org\elasticsearch\elasticsearch-x-content\6.8.6\elasticsearch-x-content-6.8.6.jar;D:\repo\com\fasterxml\jackson\dataformat\jackson-dataformat-smile\2.10.2\jackson-dataformat-smile-2.10.2.jar;D:\repo\com\fasterxml\jackson\dataformat\jackson-dataformat-yaml\2.10.2\jackson-dataformat-yaml-2.10.2.jar;D:\repo\com\fasterxml\jackson\dataformat\jackson-dataformat-cbor\2.10.2\jackson-dataformat-cbor-2.10.2.jar;D:\repo\org\apache\lucene\lucene-core\7.7.2\lucene-core-7.7.2.jar;D:\repo\org\apache\lucene\lucene-analyzers-common\7.7.2\lucene-analyzers-common-7.7.2.jar;D:\repo\org\apache\lucene\lucene-backward-codecs\7.7.2\lucene-backward-codecs-7.7.2.jar;D:\repo\org\apache\lucene\lucene-grouping\7.7.2\lucene-grouping-7.7.2.jar;D:\repo\org\apache\lucene\lucene-highlighter\7.7.2\lucene-highlighter-7.7.2.jar;D:\repo\org\apache\lucene\lucene-join\7.7.2\lucene-join-7.7.2.jar;D:\repo\org\apache\lucene\lucene-memory\7.7.2\lucene-memory-7.7.2.jar;D:\repo\org\apache\lucene\lucene-misc\7.7.2\lucene-misc-7.7.2.jar;D:\repo\org\apache\lucene\lucene-queries\7.7.2\lucene-queries-7.7.2.jar;D:\repo\org\apache\lucene\lucene-queryparser\7.7.2\lucene-queryparser-7.7.2.jar;D:\repo\org\apache\lucene\lucene-sandbox\7.7.2\lucene-sandbox-7.7.2.jar;D:\repo\org\apache\lucene\lucene-spatial\7.7.2\lucene-spatial-7.7.2.jar;D:\repo\org\apache\lucene\lucene-spatial-extras\7.7.2\lucene-spatial-extras-7.7.2.jar;D:\repo\org\apache\lucene\lucene-spatial3d\7.7.2\lucene-spatial3d-7.7.2.jar;D:\repo\org\apache\lucene\lucene-suggest\7.7.2\lucene-suggest-7.7.2.jar;D:\repo\org\elasticsearch\elasticsearch-cli\6.8.6\elasticsearch-cli-6.8.6.jar;D:\repo\net\sf\jopt-simple\jopt-simple\5.0.2\jopt-simple-5.0.2.jar;D:\repo\com\carrotsearch\hppc\0.7.1\hppc-0.7.1.jar;D:\repo\com\tdunning\t-digest\3.2\t-digest-3.2.jar;D:\repo\org\hdrhistogram\HdrHistogram\2.1.9\HdrHistogram-2.1.9.jar;D:\repo\org\elasticsearch\jna\4.5.1\jna-4.5.1.jar;D:\repo\org\elasticsearch\plugin\reindex-client\6.8.6\reindex-client-6.8.6.jar;D:\repo\org\elasticsearch\elasticsearch-ssl-config\6.8.6\elasticsearch-ssl-config-6.8.6.jar;D:\repo\org\elasticsearch\plugin\lang-mustache-client\6.8.6\lang-mustache-client-6.8.6.jar;D:\repo\com\github\spullara\mustache\java\compiler\0.9.3\compiler-0.9.3.jar;D:\repo\org\elasticsearch\plugin\percolator-client\6.8.6\percolator-client-6.8.6.jar;D:\repo\org\elasticsearch\plugin\parent-join-client\6.8.6\parent-join-client-6.8.6.jar;D:\repo\org\elasticsearch\plugin\rank-eval-client\6.8.6\rank-eval-client-6.8.6.jar;D:\repo\org\elasticsearch\plugin\transport-netty4-client\6.8.6\transport-netty4-client-6.8.6.jar;D:\repo\io\netty\netty-codec-http\4.1.45.Final\netty-codec-http-4.1.45.Final.jar;D:\repo\org\elasticsearch\client\elasticsearch-rest-high-level-client\6.8.6\elasticsearch-rest-high-level-client-6.8.6.jar;D:\repo\org\elasticsearch\client\elasticsearch-rest-client\6.8.6\elasticsearch-rest-client-6.8.6.jar;D:\repo\org\apache\httpcomponents\httpasyncclient\4.1.4\httpasyncclient-4.1.4.jar;D:\repo\org\apache\httpcomponents\httpcore-nio\4.4.13\httpcore-nio-4.4.13.jar;D:\repo\org\elasticsearch\plugin\aggs-matrix-stats-client\6.8.6\aggs-matrix-stats-client-6.8.6.jar;D:\repo\org\springframework\boot\spring-boot-starter-amqp\2.2.5.RELEASE\spring-boot-starter-amqp-2.2.5.RELEASE.jar;D:\repo\org\springframework\spring-messaging\5.2.4.RELEASE\spring-messaging-5.2.4.RELEASE.jar;D:\repo\org\springframework\amqp\spring-rabbit\2.2.5.RELEASE\spring-rabbit-2.2.5.RELEASE.jar;D:\repo\com\rabbitmq\amqp-client\5.7.3\amqp-client-5.7.3.jar;D:\repo\org\springframework\amqp\spring-amqp\2.2.5.RELEASE\spring-amqp-2.2.5.RELEASE.jar;D:\repo\org\springframework\retry\spring-retry\1.2.5.RELEASE\spring-retry-1.2.5.RELEASE.jar;D:\repo\org\springframework\boot\spring-boot-autoconfigure\2.2.5.RELEASE\spring-boot-autoconfigure-2.2.5.RELEASE.jar;D:\repo\org\springframework\boot\spring-boot\2.2.5.RELEASE\spring-boot-2.2.5.RELEASE.jar;D:\repo\org\springframework\boot\spring-boot-test\2.2.5.RELEASE\spring-boot-test-2.2.5.RELEASE.jar;D:\repo\org\springframework\boot\spring-boot-starter-test\2.2.5.RELEASE\spring-boot-starter-test-2.2.5.RELEASE.jar;D:\repo\org\springframework\boot\spring-boot-test-autoconfigure\2.2.5.RELEASE\spring-boot-test-autoconfigure-2.2.5.RELEASE.jar;D:\repo\com\jayway\jsonpath\json-path\2.4.0\json-path-2.4.0.jar;D:\repo\net\minidev\json-smart\2.3\json-smart-2.3.jar;D:\repo\net\minidev\accessors-smart\1.2\accessors-smart-1.2.jar;D:\repo\jakarta\xml\bind\jakarta.xml.bind-api\2.3.2\jakarta.xml.bind-api-2.3.2.jar;D:\repo\jakarta\activation\jakarta.activation-api\1.2.2\jakarta.activation-api-1.2.2.jar;D:\repo\org\junit\jupiter\junit-jupiter\5.5.2\junit-jupiter-5.5.2.jar;D:\repo\org\junit\jupiter\junit-jupiter-api\5.5.2\junit-jupiter-api-5.5.2.jar;D:\repo\org\apiguardian\apiguardian-api\1.1.0\apiguardian-api-1.1.0.jar;D:\repo\org\opentest4j\opentest4j\1.2.0\opentest4j-1.2.0.jar;D:\repo\org\junit\platform\junit-platform-commons\1.5.2\junit-platform-commons-1.5.2.jar;D:\repo\org\junit\jupiter\junit-jupiter-params\5.5.2\junit-jupiter-params-5.5.2.jar;D:\repo\org\junit\jupiter\junit-jupiter-engine\5.5.2\junit-jupiter-engine-5.5.2.jar;D:\repo\org\junit\platform\junit-platform-engine\1.5.2\junit-platform-engine-1.5.2.jar;D:\repo\org\mockito\mockito-junit-jupiter\3.1.0\mockito-junit-jupiter-3.1.0.jar;D:\repo\org\assertj\assertj-core\3.13.2\assertj-core-3.13.2.jar;D:\repo\org\hamcrest\hamcrest\2.1\hamcrest-2.1.jar;D:\repo\org\mockito\mockito-core\3.1.0\mockito-core-3.1.0.jar;D:\repo\net\bytebuddy\byte-buddy\1.10.8\byte-buddy-1.10.8.jar;D:\repo\net\bytebuddy\byte-buddy-agent\1.10.8\byte-buddy-agent-1.10.8.jar;D:\repo\org\objenesis\objenesis\2.6\objenesis-2.6.jar;D:\repo\org\skyscreamer\jsonassert\1.5.0\jsonassert-1.5.0.jar;D:\repo\com\vaadin\external\google\android-json\0.0.20131108.vaadin1\android-json-0.0.20131108.vaadin1.jar;D:\repo\org\springframework\spring-core\5.2.4.RELEASE\spring-core-5.2.4.RELEASE.jar;D:\repo\org\springframework\spring-jcl\5.2.4.RELEASE\spring-jcl-5.2.4.RELEASE.jar;D:\repo\org\springframework\spring-test\5.2.4.RELEASE\spring-test-5.2.4.RELEASE.jar;D:\repo\org\xmlunit\xmlunit-core\2.6.3\xmlunit-core-2.6.3.jar;D:\repo\io\springfox\springfox-swagger2\2.9.2\springfox-swagger2-2.9.2.jar;D:\repo\io\swagger\swagger-annotations\1.5.20\swagger-annotations-1.5.20.jar;D:\repo\io\swagger\swagger-models\1.5.20\swagger-models-1.5.20.jar;D:\repo\io\springfox\springfox-spi\2.9.2\springfox-spi-2.9.2.jar;D:\repo\io\springfox\springfox-core\2.9.2\springfox-core-2.9.2.jar;D:\repo\io\springfox\springfox-schema\2.9.2\springfox-schema-2.9.2.jar;D:\repo\io\springfox\springfox-swagger-common\2.9.2\springfox-swagger-common-2.9.2.jar;D:\repo\io\springfox\springfox-spring-web\2.9.2\springfox-spring-web-2.9.2.jar;D:\repo\com\google\guava\guava\20.0\guava-20.0.jar;D:\repo\com\fasterxml\classmate\1.5.1\classmate-1.5.1.jar;D:\repo\org\slf4j\slf4j-api\1.7.30\slf4j-api-1.7.30.jar;D:\repo\org\springframework\plugin\spring-plugin-core\1.2.0.RELEASE\spring-plugin-core-1.2.0.RELEASE.jar;D:\repo\org\springframework\plugin\spring-plugin-metadata\1.2.0.RELEASE\spring-plugin-metadata-1.2.0.RELEASE.jar;D:\repo\org\mapstruct\mapstruct\1.2.0.Final\mapstruct-1.2.0.Final.jar;D:\repo\io\springfox\springfox-swagger-ui\2.9.2\springfox-swagger-ui-2.9.2.jar;D:\repo\com\alibaba\fastjson\1.2.3\fastjson-1.2.3.jar;"/>
    <property name="java.vm.vendor" value="Oracle Corporation"/>
    <property name="sun.arch.data.model" value="64"/>
    <property name="user.variant" value=""/>
    <property name="java.vendor.url" value="http://java.oracle.com/"/>
    <property name="user.timezone" value="Asia/Shanghai"/>
    <property name="java.vm.specification.version" value="1.8"/>
    <property name="os.name" value="Windows 10"/>
    <property name="user.country" value="CN"/>
    <property name="sun.java.launcher" value="SUN_STANDARD"/>
    <property name="sun.boot.library.path" value="C:\Program Files\Java\jdk1.8.0_211\jre\bin"/>
    <property name="sun.java.command" value="C:\Users\ADMINI~1\AppData\Local\Temp\surefire7928956026213348458\surefirebooter2513800940956212274.jar C:\Users\Administrator\AppData\Local\Temp\surefire7928956026213348458 2020-03-31T21-58-50_673-jvmRun1 surefire6079759033610241149tmp surefire_16659537951735638864tmp"/>
    <property name="surefire.test.class.path" value="D:\ideaprojects\addiction-shopping\shopping-adminapi\target\test-classes;D:\ideaprojects\addiction-shopping\shopping-adminapi\target\classes;D:\repo\org\springframework\boot\spring-boot-starter-web\2.2.5.RELEASE\spring-boot-starter-web-2.2.5.RELEASE.jar;D:\repo\org\springframework\boot\spring-boot-starter\2.2.5.RELEASE\spring-boot-starter-2.2.5.RELEASE.jar;D:\repo\org\springframework\boot\spring-boot-starter-logging\2.2.5.RELEASE\spring-boot-starter-logging-2.2.5.RELEASE.jar;D:\repo\ch\qos\logback\logback-classic\1.2.3\logback-classic-1.2.3.jar;D:\repo\ch\qos\logback\logback-core\1.2.3\logback-core-1.2.3.jar;D:\repo\org\apache\logging\log4j\log4j-to-slf4j\2.12.1\log4j-to-slf4j-2.12.1.jar;D:\repo\org\apache\logging\log4j\log4j-api\2.12.1\log4j-api-2.12.1.jar;D:\repo\org\slf4j\jul-to-slf4j\1.7.30\jul-to-slf4j-1.7.30.jar;D:\repo\jakarta\annotation\jakarta.annotation-api\1.3.5\jakarta.annotation-api-1.3.5.jar;D:\repo\org\yaml\snakeyaml\1.25\snakeyaml-1.25.jar;D:\repo\org\springframework\boot\spring-boot-starter-json\2.2.5.RELEASE\spring-boot-starter-json-2.2.5.RELEASE.jar;D:\repo\com\fasterxml\jackson\datatype\jackson-datatype-jdk8\2.10.2\jackson-datatype-jdk8-2.10.2.jar;D:\repo\com\fasterxml\jackson\datatype\jackson-datatype-jsr310\2.10.2\jackson-datatype-jsr310-2.10.2.jar;D:\repo\com\fasterxml\jackson\module\jackson-module-parameter-names\2.10.2\jackson-module-parameter-names-2.10.2.jar;D:\repo\org\springframework\boot\spring-boot-starter-validation\2.2.5.RELEASE\spring-boot-starter-validation-2.2.5.RELEASE.jar;D:\repo\jakarta\validation\jakarta.validation-api\2.0.2\jakarta.validation-api-2.0.2.jar;D:\repo\org\hibernate\validator\hibernate-validator\6.0.18.Final\hibernate-validator-6.0.18.Final.jar;D:\repo\org\jboss\logging\jboss-logging\3.4.1.Final\jboss-logging-3.4.1.Final.jar;D:\repo\org\springframework\spring-web\5.2.4.RELEASE\spring-web-5.2.4.RELEASE.jar;D:\repo\org\springframework\spring-beans\5.2.4.RELEASE\spring-beans-5.2.4.RELEASE.jar;D:\repo\org\springframework\spring-webmvc\5.2.4.RELEASE\spring-webmvc-5.2.4.RELEASE.jar;D:\repo\org\springframework\spring-aop\5.2.4.RELEASE\spring-aop-5.2.4.RELEASE.jar;D:\repo\org\springframework\spring-expression\5.2.4.RELEASE\spring-expression-5.2.4.RELEASE.jar;D:\repo\org\springframework\boot\spring-boot-starter-jetty\2.2.5.RELEASE\spring-boot-starter-jetty-2.2.5.RELEASE.jar;D:\repo\jakarta\servlet\jakarta.servlet-api\4.0.3\jakarta.servlet-api-4.0.3.jar;D:\repo\jakarta\websocket\jakarta.websocket-api\1.1.2\jakarta.websocket-api-1.1.2.jar;D:\repo\org\eclipse\jetty\jetty-servlets\9.4.26.v20200117\jetty-servlets-9.4.26.v20200117.jar;D:\repo\org\eclipse\jetty\jetty-continuation\9.4.26.v20200117\jetty-continuation-9.4.26.v20200117.jar;D:\repo\org\eclipse\jetty\jetty-http\9.4.26.v20200117\jetty-http-9.4.26.v20200117.jar;D:\repo\org\eclipse\jetty\jetty-util\9.4.26.v20200117\jetty-util-9.4.26.v20200117.jar;D:\repo\org\eclipse\jetty\jetty-io\9.4.26.v20200117\jetty-io-9.4.26.v20200117.jar;D:\repo\org\eclipse\jetty\jetty-webapp\9.4.26.v20200117\jetty-webapp-9.4.26.v20200117.jar;D:\repo\org\eclipse\jetty\jetty-xml\9.4.26.v20200117\jetty-xml-9.4.26.v20200117.jar;D:\repo\org\eclipse\jetty\jetty-servlet\9.4.26.v20200117\jetty-servlet-9.4.26.v20200117.jar;D:\repo\org\eclipse\jetty\jetty-security\9.4.26.v20200117\jetty-security-9.4.26.v20200117.jar;D:\repo\org\eclipse\jetty\jetty-server\9.4.26.v20200117\jetty-server-9.4.26.v20200117.jar;D:\repo\org\eclipse\jetty\websocket\websocket-server\9.4.26.v20200117\websocket-server-9.4.26.v20200117.jar;D:\repo\org\eclipse\jetty\websocket\websocket-common\9.4.26.v20200117\websocket-common-9.4.26.v20200117.jar;D:\repo\org\eclipse\jetty\websocket\websocket-api\9.4.26.v20200117\websocket-api-9.4.26.v20200117.jar;D:\repo\org\eclipse\jetty\websocket\websocket-client\9.4.26.v20200117\websocket-client-9.4.26.v20200117.jar;D:\repo\org\eclipse\jetty\jetty-client\9.4.26.v20200117\jetty-client-9.4.26.v20200117.jar;D:\repo\org\eclipse\jetty\websocket\websocket-servlet\9.4.26.v20200117\websocket-servlet-9.4.26.v20200117.jar;D:\repo\org\eclipse\jetty\websocket\javax-websocket-server-impl\9.4.26.v20200117\javax-websocket-server-impl-9.4.26.v20200117.jar;D:\repo\org\eclipse\jetty\jetty-annotations\9.4.26.v20200117\jetty-annotations-9.4.26.v20200117.jar;D:\repo\org\eclipse\jetty\jetty-plus\9.4.26.v20200117\jetty-plus-9.4.26.v20200117.jar;D:\repo\org\ow2\asm\asm\7.2\asm-7.2.jar;D:\repo\org\ow2\asm\asm-commons\7.2\asm-commons-7.2.jar;D:\repo\org\ow2\asm\asm-tree\7.2\asm-tree-7.2.jar;D:\repo\org\ow2\asm\asm-analysis\7.2\asm-analysis-7.2.jar;D:\repo\org\eclipse\jetty\websocket\javax-websocket-client-impl\9.4.26.v20200117\javax-websocket-client-impl-9.4.26.v20200117.jar;D:\repo\org\mortbay\jasper\apache-el\8.5.49\apache-el-8.5.49.jar;D:\ideaprojects\addiction-shopping\shopping-service\target\shopping-service-1.0-SNAPSHOT.jar;D:\ideaprojects\addiction-shopping\shopping-dao\target\shopping-dao-1.0-SNAPSHOT.jar;D:\repo\org\mybatis\spring\boot\mybatis-spring-boot-starter\1.3.1\mybatis-spring-boot-starter-1.3.1.jar;D:\repo\org\springframework\boot\spring-boot-starter-jdbc\2.2.5.RELEASE\spring-boot-starter-jdbc-2.2.5.RELEASE.jar;D:\repo\com\zaxxer\HikariCP\3.4.2\HikariCP-3.4.2.jar;D:\repo\org\springframework\spring-jdbc\5.2.4.RELEASE\spring-jdbc-5.2.4.RELEASE.jar;D:\repo\org\mybatis\spring\boot\mybatis-spring-boot-autoconfigure\1.3.1\mybatis-spring-boot-autoconfigure-1.3.1.jar;D:\repo\org\mybatis\mybatis\3.4.5\mybatis-3.4.5.jar;D:\repo\org\mybatis\mybatis-spring\1.3.1\mybatis-spring-1.3.1.jar;D:\repo\com\github\pagehelper\pagehelper-spring-boot-starter\1.2.3\pagehelper-spring-boot-starter-1.2.3.jar;D:\repo\com\github\pagehelper\pagehelper-spring-boot-autoconfigure\1.2.3\pagehelper-spring-boot-autoconfigure-1.2.3.jar;D:\repo\com\github\pagehelper\pagehelper\5.1.2\pagehelper-5.1.2.jar;D:\repo\com\github\jsqlparser\jsqlparser\1.0\jsqlparser-1.0.jar;D:\repo\com\alibaba\druid-spring-boot-starter\1.1.10\druid-spring-boot-starter-1.1.10.jar;D:\repo\com\alibaba\druid\1.1.10\druid-1.1.10.jar;D:\repo\mysql\mysql-connector-java\8.0.19\mysql-connector-java-8.0.19.jar;D:\ideaprojects\addiction-shopping\shopping-entity\target\shopping-entity-1.0-SNAPSHOT.jar;D:\repo\org\projectlombok\lombok\1.18.12\lombok-1.18.12.jar;D:\ideaprojects\addiction-shopping\shopping-util\target\shopping-util-1.0-SNAPSHOT.jar;D:\repo\org\apache\httpcomponents\httpclient\4.5.11\httpclient-4.5.11.jar;D:\repo\org\apache\httpcomponents\httpcore\4.4.13\httpcore-4.4.13.jar;D:\repo\commons-codec\commons-codec\1.13\commons-codec-1.13.jar;D:\repo\org\apache\httpcomponents\httpmime\4.5.11\httpmime-4.5.11.jar;D:\repo\org\springframework\boot\spring-boot-starter-data-redis\2.2.5.RELEASE\spring-boot-starter-data-redis-2.2.5.RELEASE.jar;D:\repo\org\springframework\data\spring-data-redis\2.2.5.RELEASE\spring-data-redis-2.2.5.RELEASE.jar;D:\repo\org\springframework\data\spring-data-keyvalue\2.2.5.RELEASE\spring-data-keyvalue-2.2.5.RELEASE.jar;D:\repo\org\springframework\spring-tx\5.2.4.RELEASE\spring-tx-5.2.4.RELEASE.jar;D:\repo\org\springframework\spring-oxm\5.2.4.RELEASE\spring-oxm-5.2.4.RELEASE.jar;D:\repo\org\springframework\spring-context-support\5.2.4.RELEASE\spring-context-support-5.2.4.RELEASE.jar;D:\repo\io\lettuce\lettuce-core\5.2.2.RELEASE\lettuce-core-5.2.2.RELEASE.jar;D:\repo\io\netty\netty-common\4.1.45.Final\netty-common-4.1.45.Final.jar;D:\repo\io\netty\netty-handler\4.1.45.Final\netty-handler-4.1.45.Final.jar;D:\repo\io\netty\netty-buffer\4.1.45.Final\netty-buffer-4.1.45.Final.jar;D:\repo\io\netty\netty-codec\4.1.45.Final\netty-codec-4.1.45.Final.jar;D:\repo\io\netty\netty-transport\4.1.45.Final\netty-transport-4.1.45.Final.jar;D:\repo\io\netty\netty-resolver\4.1.45.Final\netty-resolver-4.1.45.Final.jar;D:\repo\io\projectreactor\reactor-core\3.3.3.RELEASE\reactor-core-3.3.3.RELEASE.jar;D:\repo\org\reactivestreams\reactive-streams\1.0.3\reactive-streams-1.0.3.jar;D:\repo\com\fasterxml\jackson\core\jackson-databind\2.10.2\jackson-databind-2.10.2.jar;D:\repo\com\fasterxml\jackson\core\jackson-annotations\2.10.2\jackson-annotations-2.10.2.jar;D:\repo\com\fasterxml\jackson\core\jackson-core\2.10.2\jackson-core-2.10.2.jar;D:\repo\org\springframework\spring-context\5.2.4.RELEASE\spring-context-5.2.4.RELEASE.jar;D:\repo\org\springframework\boot\spring-boot-starter-data-elasticsearch\2.2.5.RELEASE\spring-boot-starter-data-elasticsearch-2.2.5.RELEASE.jar;D:\repo\org\springframework\data\spring-data-elasticsearch\3.2.5.RELEASE\spring-data-elasticsearch-3.2.5.RELEASE.jar;D:\repo\org\springframework\data\spring-data-commons\2.2.5.RELEASE\spring-data-commons-2.2.5.RELEASE.jar;D:\repo\joda-time\joda-time\2.10.5\joda-time-2.10.5.jar;D:\repo\org\elasticsearch\client\transport\6.8.6\transport-6.8.6.jar;D:\repo\org\elasticsearch\elasticsearch\6.8.6\elasticsearch-6.8.6.jar;D:\repo\org\elasticsearch\elasticsearch-core\6.8.6\elasticsearch-core-6.8.6.jar;D:\repo\org\elasticsearch\elasticsearch-secure-sm\6.8.6\elasticsearch-secure-sm-6.8.6.jar;D:\repo\org\elasticsearch\elasticsearch-x-content\6.8.6\elasticsearch-x-content-6.8.6.jar;D:\repo\com\fasterxml\jackson\dataformat\jackson-dataformat-smile\2.10.2\jackson-dataformat-smile-2.10.2.jar;D:\repo\com\fasterxml\jackson\dataformat\jackson-dataformat-yaml\2.10.2\jackson-dataformat-yaml-2.10.2.jar;D:\repo\com\fasterxml\jackson\dataformat\jackson-dataformat-cbor\2.10.2\jackson-dataformat-cbor-2.10.2.jar;D:\repo\org\apache\lucene\lucene-core\7.7.2\lucene-core-7.7.2.jar;D:\repo\org\apache\lucene\lucene-analyzers-common\7.7.2\lucene-analyzers-common-7.7.2.jar;D:\repo\org\apache\lucene\lucene-backward-codecs\7.7.2\lucene-backward-codecs-7.7.2.jar;D:\repo\org\apache\lucene\lucene-grouping\7.7.2\lucene-grouping-7.7.2.jar;D:\repo\org\apache\lucene\lucene-highlighter\7.7.2\lucene-highlighter-7.7.2.jar;D:\repo\org\apache\lucene\lucene-join\7.7.2\lucene-join-7.7.2.jar;D:\repo\org\apache\lucene\lucene-memory\7.7.2\lucene-memory-7.7.2.jar;D:\repo\org\apache\lucene\lucene-misc\7.7.2\lucene-misc-7.7.2.jar;D:\repo\org\apache\lucene\lucene-queries\7.7.2\lucene-queries-7.7.2.jar;D:\repo\org\apache\lucene\lucene-queryparser\7.7.2\lucene-queryparser-7.7.2.jar;D:\repo\org\apache\lucene\lucene-sandbox\7.7.2\lucene-sandbox-7.7.2.jar;D:\repo\org\apache\lucene\lucene-spatial\7.7.2\lucene-spatial-7.7.2.jar;D:\repo\org\apache\lucene\lucene-spatial-extras\7.7.2\lucene-spatial-extras-7.7.2.jar;D:\repo\org\apache\lucene\lucene-spatial3d\7.7.2\lucene-spatial3d-7.7.2.jar;D:\repo\org\apache\lucene\lucene-suggest\7.7.2\lucene-suggest-7.7.2.jar;D:\repo\org\elasticsearch\elasticsearch-cli\6.8.6\elasticsearch-cli-6.8.6.jar;D:\repo\net\sf\jopt-simple\jopt-simple\5.0.2\jopt-simple-5.0.2.jar;D:\repo\com\carrotsearch\hppc\0.7.1\hppc-0.7.1.jar;D:\repo\com\tdunning\t-digest\3.2\t-digest-3.2.jar;D:\repo\org\hdrhistogram\HdrHistogram\2.1.9\HdrHistogram-2.1.9.jar;D:\repo\org\elasticsearch\jna\4.5.1\jna-4.5.1.jar;D:\repo\org\elasticsearch\plugin\reindex-client\6.8.6\reindex-client-6.8.6.jar;D:\repo\org\elasticsearch\elasticsearch-ssl-config\6.8.6\elasticsearch-ssl-config-6.8.6.jar;D:\repo\org\elasticsearch\plugin\lang-mustache-client\6.8.6\lang-mustache-client-6.8.6.jar;D:\repo\com\github\spullara\mustache\java\compiler\0.9.3\compiler-0.9.3.jar;D:\repo\org\elasticsearch\plugin\percolator-client\6.8.6\percolator-client-6.8.6.jar;D:\repo\org\elasticsearch\plugin\parent-join-client\6.8.6\parent-join-client-6.8.6.jar;D:\repo\org\elasticsearch\plugin\rank-eval-client\6.8.6\rank-eval-client-6.8.6.jar;D:\repo\org\elasticsearch\plugin\transport-netty4-client\6.8.6\transport-netty4-client-6.8.6.jar;D:\repo\io\netty\netty-codec-http\4.1.45.Final\netty-codec-http-4.1.45.Final.jar;D:\repo\org\elasticsearch\client\elasticsearch-rest-high-level-client\6.8.6\elasticsearch-rest-high-level-client-6.8.6.jar;D:\repo\org\elasticsearch\client\elasticsearch-rest-client\6.8.6\elasticsearch-rest-client-6.8.6.jar;D:\repo\org\apache\httpcomponents\httpasyncclient\4.1.4\httpasyncclient-4.1.4.jar;D:\repo\org\apache\httpcomponents\httpcore-nio\4.4.13\httpcore-nio-4.4.13.jar;D:\repo\org\elasticsearch\plugin\aggs-matrix-stats-client\6.8.6\aggs-matrix-stats-client-6.8.6.jar;D:\repo\org\springframework\boot\spring-boot-starter-amqp\2.2.5.RELEASE\spring-boot-starter-amqp-2.2.5.RELEASE.jar;D:\repo\org\springframework\spring-messaging\5.2.4.RELEASE\spring-messaging-5.2.4.RELEASE.jar;D:\repo\org\springframework\amqp\spring-rabbit\2.2.5.RELEASE\spring-rabbit-2.2.5.RELEASE.jar;D:\repo\com\rabbitmq\amqp-client\5.7.3\amqp-client-5.7.3.jar;D:\repo\org\springframework\amqp\spring-amqp\2.2.5.RELEASE\spring-amqp-2.2.5.RELEASE.jar;D:\repo\org\springframework\retry\spring-retry\1.2.5.RELEASE\spring-retry-1.2.5.RELEASE.jar;D:\repo\org\springframework\boot\spring-boot-autoconfigure\2.2.5.RELEASE\spring-boot-autoconfigure-2.2.5.RELEASE.jar;D:\repo\org\springframework\boot\spring-boot\2.2.5.RELEASE\spring-boot-2.2.5.RELEASE.jar;D:\repo\org\springframework\boot\spring-boot-test\2.2.5.RELEASE\spring-boot-test-2.2.5.RELEASE.jar;D:\repo\org\springframework\boot\spring-boot-starter-test\2.2.5.RELEASE\spring-boot-starter-test-2.2.5.RELEASE.jar;D:\repo\org\springframework\boot\spring-boot-test-autoconfigure\2.2.5.RELEASE\spring-boot-test-autoconfigure-2.2.5.RELEASE.jar;D:\repo\com\jayway\jsonpath\json-path\2.4.0\json-path-2.4.0.jar;D:\repo\net\minidev\json-smart\2.3\json-smart-2.3.jar;D:\repo\net\minidev\accessors-smart\1.2\accessors-smart-1.2.jar;D:\repo\jakarta\xml\bind\jakarta.xml.bind-api\2.3.2\jakarta.xml.bind-api-2.3.2.jar;D:\repo\jakarta\activation\jakarta.activation-api\1.2.2\jakarta.activation-api-1.2.2.jar;D:\repo\org\junit\jupiter\junit-jupiter\5.5.2\junit-jupiter-5.5.2.jar;D:\repo\org\junit\jupiter\junit-jupiter-api\5.5.2\junit-jupiter-api-5.5.2.jar;D:\repo\org\apiguardian\apiguardian-api\1.1.0\apiguardian-api-1.1.0.jar;D:\repo\org\opentest4j\opentest4j\1.2.0\opentest4j-1.2.0.jar;D:\repo\org\junit\platform\junit-platform-commons\1.5.2\junit-platform-commons-1.5.2.jar;D:\repo\org\junit\jupiter\junit-jupiter-params\5.5.2\junit-jupiter-params-5.5.2.jar;D:\repo\org\junit\jupiter\junit-jupiter-engine\5.5.2\junit-jupiter-engine-5.5.2.jar;D:\repo\org\junit\platform\junit-platform-engine\1.5.2\junit-platform-engine-1.5.2.jar;D:\repo\org\mockito\mockito-junit-jupiter\3.1.0\mockito-junit-jupiter-3.1.0.jar;D:\repo\org\assertj\assertj-core\3.13.2\assertj-core-3.13.2.jar;D:\repo\org\hamcrest\hamcrest\2.1\hamcrest-2.1.jar;D:\repo\org\mockito\mockito-core\3.1.0\mockito-core-3.1.0.jar;D:\repo\net\bytebuddy\byte-buddy\1.10.8\byte-buddy-1.10.8.jar;D:\repo\net\bytebuddy\byte-buddy-agent\1.10.8\byte-buddy-agent-1.10.8.jar;D:\repo\org\objenesis\objenesis\2.6\objenesis-2.6.jar;D:\repo\org\skyscreamer\jsonassert\1.5.0\jsonassert-1.5.0.jar;D:\repo\com\vaadin\external\google\android-json\0.0.20131108.vaadin1\android-json-0.0.20131108.vaadin1.jar;D:\repo\org\springframework\spring-core\5.2.4.RELEASE\spring-core-5.2.4.RELEASE.jar;D:\repo\org\springframework\spring-jcl\5.2.4.RELEASE\spring-jcl-5.2.4.RELEASE.jar;D:\repo\org\springframework\spring-test\5.2.4.RELEASE\spring-test-5.2.4.RELEASE.jar;D:\repo\org\xmlunit\xmlunit-core\2.6.3\xmlunit-core-2.6.3.jar;D:\repo\io\springfox\springfox-swagger2\2.9.2\springfox-swagger2-2.9.2.jar;D:\repo\io\swagger\swagger-annotations\1.5.20\swagger-annotations-1.5.20.jar;D:\repo\io\swagger\swagger-models\1.5.20\swagger-models-1.5.20.jar;D:\repo\io\springfox\springfox-spi\2.9.2\springfox-spi-2.9.2.jar;D:\repo\io\springfox\springfox-core\2.9.2\springfox-core-2.9.2.jar;D:\repo\io\springfox\springfox-schema\2.9.2\springfox-schema-2.9.2.jar;D:\repo\io\springfox\springfox-swagger-common\2.9.2\springfox-swagger-common-2.9.2.jar;D:\repo\io\springfox\springfox-spring-web\2.9.2\springfox-spring-web-2.9.2.jar;D:\repo\com\google\guava\guava\20.0\guava-20.0.jar;D:\repo\com\fasterxml\classmate\1.5.1\classmate-1.5.1.jar;D:\repo\org\slf4j\slf4j-api\1.7.30\slf4j-api-1.7.30.jar;D:\repo\org\springframework\plugin\spring-plugin-core\1.2.0.RELEASE\spring-plugin-core-1.2.0.RELEASE.jar;D:\repo\org\springframework\plugin\spring-plugin-metadata\1.2.0.RELEASE\spring-plugin-metadata-1.2.0.RELEASE.jar;D:\repo\org\mapstruct\mapstruct\1.2.0.Final\mapstruct-1.2.0.Final.jar;D:\repo\io\springfox\springfox-swagger-ui\2.9.2\springfox-swagger-ui-2.9.2.jar;D:\repo\com\alibaba\fastjson\1.2.3\fastjson-1.2.3.jar;"/>
    <property name="sun.cpu.endian" value="little"/>
    <property name="user.home" value="C:\Users\Administrator"/>
    <property name="user.language" value="zh"/>
    <property name="java.specification.vendor" value="Oracle Corporation"/>
    <property name="java.home" value="C:\Program Files\Java\jdk1.8.0_211\jre"/>
    <property name="basedir" value="D:\ideaprojects\addiction-shopping\shopping-adminapi"/>
    <property name="file.separator" value="\"/>
    <property name="line.separator" value="&#10;"/>
    <property name="java.vm.specification.vendor" value="Oracle Corporation"/>
    <property name="java.specification.name" value="Java Platform API Specification"/>
    <property name="java.awt.graphicsenv" value="sun.awt.Win32GraphicsEnvironment"/>
    <property name="surefire.real.class.path" value="C:\Users\ADMINI~1\AppData\Local\Temp\surefire7928956026213348458\surefirebooter2513800940956212274.jar"/>
    <property name="sun.boot.class.path" value="C:\Program Files\Java\jdk1.8.0_211\jre\lib\resources.jar;C:\Program Files\Java\jdk1.8.0_211\jre\lib\rt.jar;C:\Program Files\Java\jdk1.8.0_211\jre\lib\sunrsasign.jar;C:\Program Files\Java\jdk1.8.0_211\jre\lib\jsse.jar;C:\Program Files\Java\jdk1.8.0_211\jre\lib\jce.jar;C:\Program Files\Java\jdk1.8.0_211\jre\lib\charsets.jar;C:\Program Files\Java\jdk1.8.0_211\jre\lib\jfr.jar;C:\Program Files\Java\jdk1.8.0_211\jre\classes"/>
    <property name="user.script" value=""/>
    <property name="sun.management.compiler" value="HotSpot 64-Bit Tiered Compilers"/>
    <property name="java.runtime.version" value="1.8.0_211-b12"/>
    <property name="user.name" value="Achine"/>
    <property name="path.separator" value=";"/>
    <property name="os.version" value="10.0"/>
    <property name="java.endorsed.dirs" value="C:\Program Files\Java\jdk1.8.0_211\jre\lib\endorsed"/>
    <property name="java.runtime.name" value="Java(TM) SE Runtime Environment"/>
    <property name="file.encoding" value="GBK"/>
    <property name="java.vm.name" value="Java HotSpot(TM) 64-Bit Server VM"/>
    <property name="localRepository" value="D:\repo"/>
    <property name="java.vendor.url.bug" value="http://bugreport.sun.com/bugreport/"/>
    <property name="java.io.tmpdir" value="C:\Users\ADMINI~1\AppData\Local\Temp\"/>
    <property name="java.version" value="1.8.0_211"/>
    <property name="user.dir" value="D:\ideaprojects\addiction-shopping\shopping-adminapi"/>
    <property name="os.arch" value="amd64"/>
    <property name="java.vm.specification.name" value="Java Virtual Machine Specification"/>
    <property name="java.awt.printerjob" value="sun.awt.windows.WPrinterJob"/>
    <property name="idea.version2019.3.1" value="true"/>
    <property name="sun.os.patch.level" value=""/>
    <property name="java.library.path" value="C:\Program Files\Java\jdk1.8.0_211\jre\bin;C:\Windows\Sun\Java\bin;C:\Windows\system32;C:\Windows;C:\Program Files (x86)\Common Files\Oracle\Java\javapath;C:\Windows\system32;C:\Windows;C:\Windows\System32\Wbem;C:\Windows\System32\WindowsPowerShell\v1.0\;C:\Windows\System32\OpenSSH\;C:\Program Files\Git\cmd;C:\Program Files\RabbitMQ Server\rabbitmq_server-3.8.3\sbin;C:\Users\Administrator\AppData\Local\Microsoft\WindowsApps;C:\Program Files\Java\jdk1.8.0_211\bin;D:\IntelliJ IDEA 2019.2\bin;;D:\Microsoft VS Code\bin;D:\mysql-5.7.27-winx64\bin;d:\apache-maven-3.6.1\bin;D:\Program Files\RabbitMQ Server\rabbitmq_server-3.1.1\sbin;C:\Program Files\erl10.6\bin;;."/>
    <property name="java.vm.info" value="mixed mode"/>
    <property name="java.vendor" value="Oracle Corporation"/>
    <property name="java.vm.version" value="25.211-b12"/>
    <property name="java.ext.dirs" value="C:\Program Files\Java\jdk1.8.0_211\jre\lib\ext;C:\Windows\Sun\Java\lib\ext"/>
    <property name="sun.io.unicode.encoding" value="UnicodeLittle"/>
    <property name="java.class.version" value="52.0"/>
  </properties>
  <testcase name="insertWarehouse" classname="edu.nf.shopping.warehouse.dao.test.WarehouseInfoDaoTest" time="0.1"/>
  <testcase name="listWarehouseCity" classname="edu.nf.shopping.warehouse.dao.test.WarehouseInfoDaoTest" time="0.059"/>
  <testcase name="listWarehouse" classname="edu.nf.shopping.warehouse.dao.test.WarehouseInfoDaoTest" time="0.055"/>
  <testcase name="updateWarehouseByCityName" classname="edu.nf.shopping.warehouse.dao.test.WarehouseInfoDaoTest" time="0.08"/>
</testsuite>